<?xml version="1.0"?>
<!--
 Tests completed in 29 milliseconds.
14 tests of 14 passed, 0 failed. 
-->
<testsuite name="QUnit - JavaScript Tests" timestamp="2013-11-23T02:33:00Z" tests="14" failures="0" time="0.029">
<testcase name="Constor_spawnWithoutParams_Exeption" classname="class Layer">
</testcase>
<testcase name="canvas is exist" classname="class Layer">
</testcase>
<testcase name="canvas having CSS class" classname="class Layer">
</testcase>
<testcase name="canvas having zIndex" classname="class Layer">
</testcase>
<testcase name="GetDefaultName_Layer.GetDefaultName() == string_Ok" classname="class Layer">
</testcase>
<testcase name="GetName_Layer.GetDefaultName() have number on end_Ok" classname="class Layer">
</testcase>
<testcase name="GetCtx()" classname="class Layer">
</testcase>
<testcase name="GetCanvasTag()" classname="class Layer">
</testcase>
<testcase name="Constructor GetPoints() == onesMatrix" classname="class MvMatrix">
</testcase>
<testcase name="Translate()" classname="class MvMatrix">
</testcase>
<testcase name="Rotate() 10 grad" classname="class MvMatrix">
</testcase>
<testcase name="Rotate() 370 grad" classname="class MvMatrix">
</testcase>
<testcase name="Primitive" classname="Primitive">
</testcase>
<testcase name="Rect.Draw" classname="Primitive">
</testcase>
</testsuite>
